🚀 Price Prediction Dataset Generation (yfinance)
================================================================================
  Symbols: 100
  Date Range: 2022-01-01 to 2024-12-31
  Output: data/training/price-prediction-yf-top100.csv
================================================================================

[1/100] Processing AAPL...
  ✓ Generated 732 examples

[2/100] Processing MSFT...
  ✓ Generated 732 examples

[3/100] Processing GOOGL...
  ✓ Generated 732 examples

[4/100] Processing AMZN...
  ✓ Generated 732 examples

[5/100] Processing NVDA...
  ✓ Generated 732 examples

[6/100] Processing META...
  ✓ Generated 732 examples

[7/100] Processing TSLA...
  ✓ Generated 732 examples

[8/100] Processing BRK-B...
  ✓ Generated 732 examples

[9/100] Processing UNH...
  ✓ Generated 732 examples

[10/100] Processing JNJ...
  ✓ Generated 732 examples

💾 Checkpoint saved: data/training/price-prediction-yf-top100_checkpoint_10.csv (7320 rows)

[11/100] Processing V...
  ✓ Generated 732 examples

[12/100] Processing XOM...
  ✓ Generated 732 examples

[13/100] Processing WMT...
  ✓ Generated 732 examples

[14/100] Processing JPM...
  ✓ Generated 732 examples

[15/100] Processing LLY...
  ✓ Generated 732 examples

[16/100] Processing MA...
  ✓ Generated 732 examples

[17/100] Processing PG...
  ✓ Generated 732 examples

[18/100] Processing AVGO...
  ✓ Generated 732 examples

[19/100] Processing HD...
  ✓ Generated 732 examples

[20/100] Processing CVX...
  ✓ Generated 732 examples

💾 Checkpoint saved: data/training/price-prediction-yf-top100_checkpoint_20.csv (14640 rows)

[21/100] Processing MRK...
  ✓ Generated 732 examples

[22/100] Processing ABBV...
  ✓ Generated 732 examples

[23/100] Processing PEP...
  ✓ Generated 732 examples

[24/100] Processing COST...
  ✓ Generated 732 examples

[25/100] Processing KO...
  ✓ Generated 732 examples

[26/100] Processing ADBE...
  ✓ Generated 732 examples

[27/100] Processing MCD...
  ✓ Generated 732 examples

[28/100] Processing CSCO...
  ✓ Generated 732 examples

[29/100] Processing CRM...
  ✓ Generated 732 examples

[30/100] Processing TMO...
  ✓ Generated 732 examples

💾 Checkpoint saved: data/training/price-prediction-yf-top100_checkpoint_30.csv (21960 rows)

[31/100] Processing ACN...
  ✓ Generated 732 examples

[32/100] Processing ABT...
  ✓ Generated 732 examples

[33/100] Processing NFLX...
  ✓ Generated 732 examples

[34/100] Processing DHR...
  ✓ Generated 732 examples

[35/100] Processing WFC...
  ✓ Generated 732 examples

[36/100] Processing VZ...
  ✓ Generated 732 examples

[37/100] Processing TXN...
  ✓ Generated 732 examples

[38/100] Processing PM...
  ✓ Generated 732 examples

[39/100] Processing NEE...
  ✓ Generated 732 examples

[40/100] Processing ORCL...
  ✓ Generated 732 examples

💾 Checkpoint saved: data/training/price-prediction-yf-top100_checkpoint_40.csv (29280 rows)

[41/100] Processing DIS...
  ✓ Generated 732 examples

[42/100] Processing NKE...
  ✓ Generated 732 examples

[43/100] Processing CMCSA...
  ✓ Generated 732 examples

[44/100] Processing BMY...
  ✓ Generated 732 examples

[45/100] Processing RTX...
  ✓ Generated 732 examples

[46/100] Processing UNP...
  ✓ Generated 732 examples

[47/100] Processing PFE...
  ✓ Generated 732 examples

[48/100] Processing INTC...
  ✓ Generated 732 examples

[49/100] Processing QCOM...
  ✓ Generated 732 examples

[50/100] Processing COP...
  ✓ Generated 732 examples

💾 Checkpoint saved: data/training/price-prediction-yf-top100_checkpoint_50.csv (36600 rows)

[51/100] Processing LIN...
  ✓ Generated 732 examples

[52/100] Processing AMD...
  ✓ Generated 732 examples

[53/100] Processing HON...
  ✓ Generated 732 examples

[54/100] Processing UPS...
  ✓ Generated 732 examples

[55/100] Processing LOW...
  ✓ Generated 732 examples

[56/100] Processing T...
  ✓ Generated 732 examples

[57/100] Processing CAT...
  ✓ Generated 732 examples

[58/100] Processing ELV...
  ✓ Generated 732 examples

[59/100] Processing BA...
  ✓ Generated 732 examples

[60/100] Processing INTU...
  ✓ Generated 732 examples

💾 Checkpoint saved: data/training/price-prediction-yf-top100_checkpoint_60.csv (43920 rows)

[61/100] Processing SBUX...
  ✓ Generated 732 examples

[62/100] Processing DE...
  ✓ Generated 732 examples

[63/100] Processing AXP...
  ✓ Generated 732 examples

[64/100] Processing GS...
  ✓ Generated 732 examples

[65/100] Processing AMGN...
  ✓ Generated 732 examples

[66/100] Processing MS...
  ✓ Generated 732 examples

[67/100] Processing SPGI...
  ✓ Generated 732 examples

[68/100] Processing BLK...
  ✓ Generated 732 examples

[69/100] Processing GILD...
  ✓ Generated 732 examples

[70/100] Processing BKNG...
  ✓ Generated 732 examples

💾 Checkpoint saved: data/training/price-prediction-yf-top100_checkpoint_70.csv (51240 rows)

[71/100] Processing MDLZ...
  ✓ Generated 732 examples

[72/100] Processing ADI...
  ✓ Generated 732 examples

[73/100] Processing PLD...
  ✓ Generated 732 examples

[74/100] Processing TJX...
  ✓ Generated 732 examples

[75/100] Processing SYK...
  ✓ Generated 732 examples

[76/100] Processing CVS...
  ✓ Generated 732 examples

[77/100] Processing MMC...
  ✓ Generated 732 examples

[78/100] Processing C...
  ✓ Generated 732 examples

[79/100] Processing VRTX...
  ✓ Generated 732 examples

[80/100] Processing ADP...
  ✓ Generated 732 examples

💾 Checkpoint saved: data/training/price-prediction-yf-top100_checkpoint_80.csv (58560 rows)

[81/100] Processing ISRG...
  ✓ Generated 732 examples

[82/100] Processing ZTS...
  ✓ Generated 732 examples

[83/100] Processing REGN...
  ✓ Generated 732 examples

[84/100] Processing NOW...
  ✓ Generated 732 examples

[85/100] Processing TMUS...
  ✓ Generated 732 examples

[86/100] Processing MO...
  ✓ Generated 732 examples

[87/100] Processing SCHW...
  ✓ Generated 732 examples

[88/100] Processing CB...
  ✓ Generated 732 examples

[89/100] Processing SO...
  ✓ Generated 732 examples

[90/100] Processing DUK...
  ✓ Generated 732 examples

💾 Checkpoint saved: data/training/price-prediction-yf-top100_checkpoint_90.csv (65880 rows)

[91/100] Processing PGR...
  ✓ Generated 732 examples

[92/100] Processing CI...
  ✓ Generated 732 examples

[93/100] Processing BDX...
  ✓ Generated 732 examples

[94/100] Processing CL...
  ✓ Generated 732 examples

[95/100] Processing NOC...
  ✓ Generated 732 examples

[96/100] Processing LRCX...
  ✓ Generated 732 examples

[97/100] Processing BSX...
  ✓ Generated 732 examples

[98/100] Processing EOG...
  ✓ Generated 732 examples

[99/100] Processing ITW...
  ✓ Generated 732 examples

[100/100] Processing GE...
  ✓ Generated 732 examples

💾 Checkpoint saved: data/training/price-prediction-yf-top100_checkpoint_100.csv (73200 rows)

================================================================================
✅ Dataset Generation Complete
================================================================================
  Total Rows: 73,200
  Successful Symbols: 100
  Failed Symbols: 0
  Output File: data/training/price-prediction-yf-top100.csv

  Label Distribution:
    NEUTRAL: 28,555 (39.0%)
    UP: 24,728 (33.8%)
    DOWN: 19,917 (27.2%)
================================================================================
